Drill report for IO_Board.kicad_pcb
Created on 2022/11/15 22:49:04

Copper Layer Stackup:
    =============================================================
    L1 :  F.Cu                      front
    L2 :  B.Cu                      back


Drill file 'IO_Board-PTH.drl' contains
    plated through holes:
    =============================================================
    T1  0.400mm  0.0157"  (60 holes)
    T2  0.600mm  0.0236"  (16 holes)  (with 16 slots)
    T3  0.750mm  0.0295"  (17 holes)
    T4  1.000mm  0.0394"  (42 holes)
    T5  1.100mm  0.0433"  (16 holes)

    Total plated holes count 151


Drill file 'IO_Board-NPTH.drl' contains
    unplated through holes:
    =============================================================
    T1  0.650mm  0.0256"  (8 holes)

    Total unplated holes count 8
