Drill report for IO_Board.kicad_pcb
Created on 2022/10/18 17:57:23

Copper Layer Stackup:
    =============================================================
    L1 :  F.Cu                      front
    L2 :  B.Cu                      back


Drill file 'IO_Board.drl' contains
    plated through holes:
    =============================================================
    T1  0.400mm  0.0157"  (22 holes)
    T2  0.600mm  0.0236"  (4 holes)  (with 4 slots)
    T3  0.950mm  0.0374"  (6 holes)
    T4  1.000mm  0.0394"  (4 holes)  (with 2 slots)
    T5  1.100mm  0.0433"  (8 holes)

    Total plated holes count 44


Not plated through holes are merged with plated holes
    unplated through holes:
    =============================================================
    T6  0.650mm  0.0256"  (2 holes)

    Total unplated holes count 2
