Drill report for main_board_Teensy.kicad_pcb
Created on 2022/10/16 22:54:07

Copper Layer Stackup:
    =============================================================
    L1 :  F.Cu                      front
    L2 :  B.Cu                      back


Drill file 'main_board_Teensy-PTH.drl' contains
    plated through holes:
    =============================================================
    T1  0.400mm  0.0157"  (221 holes)
    T2  0.762mm  0.0300"  (30 holes)
    T3  0.900mm  0.0354"  (2 holes)
    T4  0.950mm  0.0374"  (17 holes)
    T5  1.000mm  0.0394"  (144 holes)
    T6  1.090mm  0.0429"  (6 holes)
    T7  1.100mm  0.0433"  (16 holes)

    Total plated holes count 436


Drill file 'main_board_Teensy-NPTH.drl' contains
    unplated through holes:
    =============================================================

    Total unplated holes count 0
