Drill report for mainboard.kicad_pcb
Created on 2023/02/26 15:47:44

Copper Layer Stackup:
    =============================================================
    L1 :  F.Cu                      front
    L2 :  B.Cu                      back


Drill file 'mainboard-PTH.drl' contains
    plated through holes:
    =============================================================
    T1  0.400mm  0.0157"  (247 holes)
    T2  0.762mm  0.0300"  (54 holes)
    T3  0.900mm  0.0354"  (4 holes)
    T4  0.950mm  0.0374"  (25 holes)
    T5  1.000mm  0.0394"  (119 holes)
    T6  1.090mm  0.0429"  (3 holes)
    T7  1.100mm  0.0433"  (20 holes)

    Total plated holes count 472


Drill file 'mainboard-NPTH.drl' contains
    unplated through holes:
    =============================================================

    Total unplated holes count 0
