Drill report for psu_board.kicad_pcb
Created on 2023/02/26 21:46:32

Copper Layer Stackup:
    =============================================================
    L1 :  F.Cu                      front
    L2 :  B.Cu                      back


Drill file 'psu_board-PTH.drl' contains
    plated through holes:
    =============================================================
    T1  0.400mm  0.0157"  (125 holes)
    T2  0.500mm  0.0197"  (4 holes)  (with 4 slots)
    T3  0.700mm  0.0276"  (4 holes)
    T4  0.800mm  0.0315"  (11 holes)
    T5  0.950mm  0.0374"  (3 holes)
    T6  1.000mm  0.0394"  (9 holes)  (with 2 slots)
    T7  1.090mm  0.0429"  (3 holes)
    T8  1.400mm  0.0551"  (2 holes)
    T9  1.700mm  0.0669"  (2 holes)

    Total plated holes count 163


Drill file 'psu_board-NPTH.drl' contains
    unplated through holes:
    =============================================================

    Total unplated holes count 0
